2022/03/18 00:49:56 only 10 logs of these should appear
2022/03/18 00:49:56 only 10 logs of these should appear
2022/03/18 00:51:56 only 10 logs of these should appear
2022/03/18 00:51:56 only 10 logs of these should appear
2022/03/18 00:51:56 only 10 logs of these should appear
2022/03/18 00:51:56 only 10 logs of these should appear
2022/03/18 00:51:56 only 10 logs of these should appear
2022/03/18 00:51:56 only 10 logs of these should appear
2022/03/18 00:51:56 only 10 logs of these should appear
2022/03/18 00:51:56 only 10 logs of these should appear
2022/03/18 00:51:56 only 10 logs of these should appear
2022/03/18 00:51:56 only 10 logs of these should appear
2022/03/18 00:51:56 10 of concurrent log writes from A
2022/03/18 00:51:56 10 of concurrent log writes from B
2022/03/18 00:51:56 10 of concurrent log writes from B
2022/03/18 00:51:56 10 of concurrent log writes from B
2022/03/18 00:51:56 10 of concurrent log writes from B
2022/03/18 00:51:56 10 of concurrent log writes from A
2022/03/18 00:51:56 10 of concurrent log writes from B
2022/03/18 00:51:56 10 of concurrent log writes from A
2022/03/18 00:51:56 10 of concurrent log writes from A
2022/03/18 00:51:56 10 of concurrent log writes from A
2022/03/18 00:51:56 log to file and aws only
2022/03/18 00:51:56 log to file and aws only
2022/03/18 00:51:56 log to file and aws only
2022/03/18 00:51:56 log to file and aws only
2022/03/18 00:51:56 log to file and aws only
2022/03/18 00:51:56 5 logs from B
2022/03/18 00:51:56 5 logs from B
2022/03/18 00:51:56 5 logs from A
2022/03/18 00:51:56 5 logs from B
2022/03/18 00:51:56 5 logs from B
2022/03/18 00:51:56 5 logs from A
2022/03/18 00:51:56 5 logs from B
2022/03/18 00:51:56 5 logs from A
2022/03/18 00:51:56 5 logs from A
2022/03/18 00:51:56 5 logs from A
2022/03/18 00:52:36 only 10 logs of these should appear
2022/03/18 00:52:36 only 10 logs of these should appear
2022/03/18 00:52:36 only 10 logs of these should appear
2022/03/18 00:52:36 only 10 logs of these should appear
2022/03/18 00:52:36 only 10 logs of these should appear
2022/03/18 00:52:36 only 10 logs of these should appear
2022/03/18 00:52:36 only 10 logs of these should appear
2022/03/18 00:52:36 only 10 logs of these should appear
2022/03/18 00:52:36 only 10 logs of these should appear
2022/03/18 00:52:36 only 10 logs of these should appear
2022/03/18 00:52:36 10 of concurrent log writes from B
2022/03/18 00:52:36 10 of concurrent log writes from B
2022/03/18 00:52:36 10 of concurrent log writes from A
2022/03/18 00:52:36 10 of concurrent log writes from A
2022/03/18 00:52:36 10 of concurrent log writes from B
2022/03/18 00:52:36 10 of concurrent log writes from A
2022/03/18 00:52:36 10 of concurrent log writes from A
2022/03/18 00:52:36 10 of concurrent log writes from A
2022/03/18 00:52:36 10 of concurrent log writes from B
2022/03/18 00:52:36 10 of concurrent log writes from B
2022/03/18 00:52:36 log to file and aws only
2022/03/18 00:52:36 log to file and aws only
2022/03/18 00:52:36 log to file and aws only
2022/03/18 00:52:36 log to file and aws only
2022/03/18 00:52:36 log to file and aws only
2022/03/18 00:52:36 5 logs from B
2022/03/18 00:52:36 5 logs from A
2022/03/18 00:52:36 5 logs from A
2022/03/18 00:52:36 5 logs from B
2022/03/18 00:52:36 5 logs from A
2022/03/18 00:52:36 5 logs from B
2022/03/18 00:52:36 5 logs from A
2022/03/18 00:52:36 5 logs from B
2022/03/18 00:52:36 5 logs from B
2022/03/18 00:52:36 5 logs from A
2022/03/18 00:53:33 only 10 logs of these should appear
2022/03/18 00:53:33 only 10 logs of these should appear
2022/03/18 00:53:33 only 10 logs of these should appear
2022/03/18 00:53:33 only 10 logs of these should appear
2022/03/18 00:53:33 only 10 logs of these should appear
2022/03/18 00:53:33 only 10 logs of these should appear
2022/03/18 00:53:33 only 10 logs of these should appear
2022/03/18 00:53:33 only 10 logs of these should appear
2022/03/18 00:53:33 only 10 logs of these should appear
2022/03/18 00:53:33 only 10 logs of these should appear
2022/03/18 00:53:33 10 of concurrent log writes from B
2022/03/18 00:53:33 10 of concurrent log writes from A
2022/03/18 00:53:33 10 of concurrent log writes from B
2022/03/18 00:53:33 10 of concurrent log writes from A
2022/03/18 00:53:33 10 of concurrent log writes from A
2022/03/18 00:53:33 10 of concurrent log writes from A
2022/03/18 00:53:33 10 of concurrent log writes from A
2022/03/18 00:53:33 10 of concurrent log writes from B
2022/03/18 00:53:33 10 of concurrent log writes from B
2022/03/18 00:53:33 10 of concurrent log writes from B
2022/03/18 00:53:33 log to file and aws only
2022/03/18 00:53:33 log to file and aws only
2022/03/18 00:53:33 log to file and aws only
2022/03/18 00:53:33 log to file and aws only
2022/03/18 00:53:33 log to file and aws only
2022/03/18 00:53:33 5 logs from B
2022/03/18 00:53:33 5 logs from A
2022/03/18 00:53:33 5 logs from B
2022/03/18 00:53:33 5 logs from A
2022/03/18 00:53:33 5 logs from A
2022/03/18 00:53:33 5 logs from B
2022/03/18 00:53:33 5 logs from A
2022/03/18 00:53:33 5 logs from B
2022/03/18 00:53:33 5 logs from A
2022/03/18 00:53:33 5 logs from B
